<?xml version="1.0" encoding="UTF-8"?>
<!-- Generated by org.testng.reporters.JUnitReportReporter -->
<testsuite hostname="BLT0005-PC" name="Basictest.Testobjectdemo" tests="1" failures="0" timestamp="22 Apr 2016 09:30:43 GMT" time="209.683" errors="0">
  <testcase name="f" time="209.683" classname="Basictest.Testobjectdemo"/>
</testsuite> <!-- Basictest.Testobjectdemo -->
